<?xml version="1.0" encoding="UTF-8"?>
<!-- Generated by org.testng.reporters.JUnitXMLReporter -->
<testsuite hostname="DESKTOP-250U10H" ignored="0" name="Test" tests="3" failures="1" timestamp="2020-05-23T16:44:58 EDT" time="39.133" errors="0">
  <testcase name="signin" time="1.174" classname="com.bank.testcases.WelcomeTest"/>
  <testcase name="verfyLogin" time="1.553" classname="com.bank.testcases.LoginTest"/>
  <testcase name="verfyLogin" time="1.47" classname="com.bank.testcases.LoginTest">
    <failure type="java.lang.AssertionError" message="Tittle does not match expected [Zero - Account Summary] but found [Zero - Log in]">
      <![CDATA[java.lang.AssertionError: Tittle does not match expected [Zero - Account Summary] but found [Zero - Log in]
at com.bank.testcases.LoginTest.verfyLogin(LoginTest.java:40)
at java.util.ArrayList.forEach(ArrayList.java:1249)
... Removed 31 stack frames]]>
    </failure>
  </testcase> <!-- verfyLogin -->
</testsuite> <!-- Test -->
