<?xml version="1.0" encoding="UTF-8"?>
<testng-results skipped="0" failed="1" ignored="0" total="3" passed="2">
  <reporter-output>
  </reporter-output>
  <suite name="Suite" duration-ms="36555" started-at="2020-05-23T16:46:03 EDT" finished-at="2020-05-23T16:46:39 EDT">
    <groups>
    </groups>
    <test name="Test" duration-ms="36555" started-at="2020-05-23T16:46:03 EDT" finished-at="2020-05-23T16:46:39 EDT">
      <class name="com.bank.testcases.WelcomeTest">
        <test-method status="PASS" signature="setup()[pri:0, instance:com.bank.testcases.WelcomeTest@32d2fa64]" name="setup" is-config="true" duration-ms="10012" started-at="2020-05-23T16:46:03 EDT" finished-at="2020-05-23T16:46:13 EDT">
          <reporter-output>
          </reporter-output>
        </test-method> <!-- setup -->
        <test-method status="PASS" signature="signin()[pri:0, instance:com.bank.testcases.WelcomeTest@32d2fa64]" name="signin" duration-ms="915" started-at="2020-05-23T16:46:13 EDT" finished-at="2020-05-23T16:46:14 EDT">
          <reporter-output>
          </reporter-output>
        </test-method> <!-- signin -->
        <test-method status="PASS" signature="tearDown()[pri:0, instance:com.bank.testcases.WelcomeTest@32d2fa64]" name="tearDown" is-config="true" duration-ms="1895" started-at="2020-05-23T16:46:14 EDT" finished-at="2020-05-23T16:46:16 EDT">
          <reporter-output>
          </reporter-output>
        </test-method> <!-- tearDown -->
      </class> <!-- com.bank.testcases.WelcomeTest -->
      <class name="com.bank.testcases.LoginTest">
        <test-method status="PASS" signature="setup()[pri:0, instance:com.bank.testcases.LoginTest@1d8d30f7]" name="setup" is-config="true" duration-ms="8547" started-at="2020-05-23T16:46:17 EDT" finished-at="2020-05-23T16:46:26 EDT">
          <reporter-output>
          </reporter-output>
        </test-method> <!-- setup -->
        <test-method status="PASS" signature="verfyLogin(java.lang.String, java.lang.String)[pri:0, instance:com.bank.testcases.LoginTest@1d8d30f7]" name="verfyLogin" duration-ms="1561" started-at="2020-05-23T16:46:26 EDT" data-provider="sendData" finished-at="2020-05-23T16:46:27 EDT">
          <params>
            <param index="0">
              <value>
                <![CDATA[username]]>
              </value>
            </param>
            <param index="1">
              <value>
                <![CDATA[password]]>
              </value>
            </param>
          </params>
          <reporter-output>
          </reporter-output>
        </test-method> <!-- verfyLogin -->
        <test-method status="PASS" signature="tearDown()[pri:0, instance:com.bank.testcases.LoginTest@1d8d30f7]" name="tearDown" is-config="true" duration-ms="1221" started-at="2020-05-23T16:46:27 EDT" finished-at="2020-05-23T16:46:29 EDT">
          <reporter-output>
          </reporter-output>
        </test-method> <!-- tearDown -->
        <test-method status="PASS" signature="setup()[pri:0, instance:com.bank.testcases.LoginTest@1d8d30f7]" name="setup" is-config="true" duration-ms="7863" started-at="2020-05-23T16:46:29 EDT" finished-at="2020-05-23T16:46:36 EDT">
          <reporter-output>
          </reporter-output>
        </test-method> <!-- setup -->
        <test-method status="FAIL" signature="verfyLogin(java.lang.String, java.lang.String)[pri:0, instance:com.bank.testcases.LoginTest@1d8d30f7]" name="verfyLogin" duration-ms="1458" started-at="2020-05-23T16:46:36 EDT" data-provider="sendData" finished-at="2020-05-23T16:46:38 EDT">
          <params>
            <param index="0">
              <value>
                <![CDATA[abcd]]>
              </value>
            </param>
            <param index="1">
              <value>
                <![CDATA[xyz]]>
              </value>
            </param>
          </params>
          <exception class="java.lang.AssertionError">
            <message>
              <![CDATA[Tittle does not match expected [Zero - Account Summary] but found [Zero - Log in]]]>
            </message>
            <full-stacktrace>
              <![CDATA[java.lang.AssertionError: Tittle does not match expected [Zero - Account Summary] but found [Zero - Log in]
at org.testng.Assert.fail(Assert.java:97)
at org.testng.Assert.assertEqualsImpl(Assert.java:136)
at org.testng.Assert.assertEquals(Assert.java:118)
at org.testng.Assert.assertEquals(Assert.java:575)
at com.bank.testcases.LoginTest.verfyLogin(LoginTest.java:40)
at sun.reflect.NativeMethodAccessorImpl.invoke0(Native Method)
at sun.reflect.NativeMethodAccessorImpl.invoke(NativeMethodAccessorImpl.java:62)
at sun.reflect.DelegatingMethodAccessorImpl.invoke(DelegatingMethodAccessorImpl.java:43)
at java.lang.reflect.Method.invoke(Method.java:498)
at org.testng.internal.MethodInvocationHelper.invokeMethod(MethodInvocationHelper.java:134)
at org.testng.internal.TestInvoker.invokeMethod(TestInvoker.java:597)
at org.testng.internal.TestInvoker.invokeTestMethod(TestInvoker.java:173)
at org.testng.internal.MethodRunner.runInSequence(MethodRunner.java:46)
at org.testng.internal.TestInvoker$MethodInvocationAgent.invoke(TestInvoker.java:816)
at org.testng.internal.TestInvoker.invokeTestMethods(TestInvoker.java:146)
at org.testng.internal.TestMethodWorker.invokeTestMethods(TestMethodWorker.java:146)
at org.testng.internal.TestMethodWorker.run(TestMethodWorker.java:128)
at java.util.ArrayList.forEach(ArrayList.java:1249)
at org.testng.TestRunner.privateRun(TestRunner.java:766)
at org.testng.TestRunner.run(TestRunner.java:587)
at org.testng.SuiteRunner.runTest(SuiteRunner.java:384)
at org.testng.SuiteRunner.runSequentially(SuiteRunner.java:378)
at org.testng.SuiteRunner.privateRun(SuiteRunner.java:337)
at org.testng.SuiteRunner.run(SuiteRunner.java:286)
at org.testng.SuiteRunnerWorker.runSuite(SuiteRunnerWorker.java:53)
at org.testng.SuiteRunnerWorker.run(SuiteRunnerWorker.java:96)
at org.testng.TestNG.runSuitesSequentially(TestNG.java:1187)
at org.testng.TestNG.runSuitesLocally(TestNG.java:1109)
at org.testng.TestNG.runSuites(TestNG.java:1039)
at org.testng.TestNG.run(TestNG.java:1007)
at org.apache.maven.surefire.testng.TestNGExecutor.run(TestNGExecutor.java:283)
at org.apache.maven.surefire.testng.TestNGXmlTestSuite.execute(TestNGXmlTestSuite.java:75)
at org.apache.maven.surefire.testng.TestNGProvider.invoke(TestNGProvider.java:120)
at org.apache.maven.surefire.booter.ForkedBooter.runSuitesInProcess(ForkedBooter.java:377)
at org.apache.maven.surefire.booter.ForkedBooter.execute(ForkedBooter.java:138)
at org.apache.maven.surefire.booter.ForkedBooter.run(ForkedBooter.java:465)
at org.apache.maven.surefire.booter.ForkedBooter.main(ForkedBooter.java:451)
]]>
            </full-stacktrace>
          </exception> <!-- java.lang.AssertionError -->
          <reporter-output>
          </reporter-output>
        </test-method> <!-- verfyLogin -->
        <test-method status="PASS" signature="tearDown()[pri:0, instance:com.bank.testcases.LoginTest@1d8d30f7]" name="tearDown" is-config="true" duration-ms="1001" started-at="2020-05-23T16:46:38 EDT" finished-at="2020-05-23T16:46:39 EDT">
          <reporter-output>
          </reporter-output>
        </test-method> <!-- tearDown -->
      </class> <!-- com.bank.testcases.LoginTest -->
    </test> <!-- Test -->
  </suite> <!-- Suite -->
</testng-results>
