<?xml version="1.0" encoding="UTF-8"?>
<testng-results skipped="0" failed="1" ignored="0" total="3" passed="2">
  <reporter-output>
  </reporter-output>
  <suite name="Suite" duration-ms="39133" started-at="2020-05-23T16:44:19 EDT" finished-at="2020-05-23T16:44:58 EDT">
    <groups>
    </groups>
    <test name="Test" duration-ms="39133" started-at="2020-05-23T16:44:19 EDT" finished-at="2020-05-23T16:44:58 EDT">
      <class name="com.bank.testcases.WelcomeTest">
        <test-method status="PASS" signature="setup()[pri:0, instance:com.bank.testcases.WelcomeTest@3891771e]" name="setup" is-config="true" duration-ms="12118" started-at="2020-05-23T16:44:19 EDT" finished-at="2020-05-23T16:44:31 EDT">
          <reporter-output>
          </reporter-output>
        </test-method> <!-- setup -->
        <test-method status="PASS" signature="signin()[pri:0, instance:com.bank.testcases.WelcomeTest@3891771e]" name="signin" duration-ms="1174" started-at="2020-05-23T16:44:31 EDT" finished-at="2020-05-23T16:44:32 EDT">
          <reporter-output>
          </reporter-output>
        </test-method> <!-- signin -->
        <test-method status="PASS" signature="tearDown()[pri:0, instance:com.bank.testcases.WelcomeTest@3891771e]" name="tearDown" is-config="true" duration-ms="1731" started-at="2020-05-23T16:44:32 EDT" finished-at="2020-05-23T16:44:34 EDT">
          <reporter-output>
          </reporter-output>
        </test-method> <!-- tearDown -->
      </class> <!-- com.bank.testcases.WelcomeTest -->
      <class name="com.bank.testcases.LoginTest">
        <test-method status="PASS" signature="setup()[pri:0, instance:com.bank.testcases.LoginTest@78ac1102]" name="setup" is-config="true" duration-ms="8490" started-at="2020-05-23T16:44:36 EDT" finished-at="2020-05-23T16:44:44 EDT">
          <reporter-output>
          </reporter-output>
        </test-method> <!-- setup -->
        <test-method status="PASS" signature="verfyLogin(java.lang.String, java.lang.String)[pri:0, instance:com.bank.testcases.LoginTest@78ac1102]" name="verfyLogin" duration-ms="1553" started-at="2020-05-23T16:44:44 EDT" data-provider="sendData" finished-at="2020-05-23T16:44:46 EDT">
          <params>
            <param index="0">
              <value>
                <![CDATA[username]]>
              </value>
            </param>
            <param index="1">
              <value>
                <![CDATA[password]]>
              </value>
            </param>
          </params>
          <reporter-output>
          </reporter-output>
        </test-method> <!-- verfyLogin -->
        <test-method status="PASS" signature="tearDown()[pri:0, instance:com.bank.testcases.LoginTest@78ac1102]" name="tearDown" is-config="true" duration-ms="1174" started-at="2020-05-23T16:44:46 EDT" finished-at="2020-05-23T16:44:47 EDT">
          <reporter-output>
          </reporter-output>
        </test-method> <!-- tearDown -->
        <test-method status="PASS" signature="setup()[pri:0, instance:com.bank.testcases.LoginTest@78ac1102]" name="setup" is-config="true" duration-ms="7608" started-at="2020-05-23T16:44:47 EDT" finished-at="2020-05-23T16:44:55 EDT">
          <reporter-output>
          </reporter-output>
        </test-method> <!-- setup -->
        <test-method status="FAIL" signature="verfyLogin(java.lang.String, java.lang.String)[pri:0, instance:com.bank.testcases.LoginTest@78ac1102]" name="verfyLogin" duration-ms="1470" started-at="2020-05-23T16:44:55 EDT" data-provider="sendData" finished-at="2020-05-23T16:44:56 EDT">
          <params>
            <param index="0">
              <value>
                <![CDATA[abcd]]>
              </value>
            </param>
            <param index="1">
              <value>
                <![CDATA[xyz]]>
              </value>
            </param>
          </params>
          <exception class="java.lang.AssertionError">
            <message>
              <![CDATA[Tittle does not match expected [Zero - Account Summary] but found [Zero - Log in]]]>
            </message>
            <full-stacktrace>
              <![CDATA[java.lang.AssertionError: Tittle does not match expected [Zero - Account Summary] but found [Zero - Log in]
at org.testng.Assert.fail(Assert.java:97)
at org.testng.Assert.assertEqualsImpl(Assert.java:136)
at org.testng.Assert.assertEquals(Assert.java:118)
at org.testng.Assert.assertEquals(Assert.java:575)
at com.bank.testcases.LoginTest.verfyLogin(LoginTest.java:40)
at sun.reflect.NativeMethodAccessorImpl.invoke0(Native Method)
at sun.reflect.NativeMethodAccessorImpl.invoke(NativeMethodAccessorImpl.java:62)
at sun.reflect.DelegatingMethodAccessorImpl.invoke(DelegatingMethodAccessorImpl.java:43)
at java.lang.reflect.Method.invoke(Method.java:498)
at org.testng.internal.MethodInvocationHelper.invokeMethod(MethodInvocationHelper.java:133)
at org.testng.internal.TestInvoker.invokeMethod(TestInvoker.java:584)
at org.testng.internal.TestInvoker.invokeTestMethod(TestInvoker.java:172)
at org.testng.internal.MethodRunner.runInSequence(MethodRunner.java:46)
at org.testng.internal.TestInvoker$MethodInvocationAgent.invoke(TestInvoker.java:804)
at org.testng.internal.TestInvoker.invokeTestMethods(TestInvoker.java:145)
at org.testng.internal.TestMethodWorker.invokeTestMethods(TestMethodWorker.java:146)
at org.testng.internal.TestMethodWorker.run(TestMethodWorker.java:128)
at java.util.ArrayList.forEach(ArrayList.java:1249)
at org.testng.TestRunner.privateRun(TestRunner.java:770)
at org.testng.TestRunner.run(TestRunner.java:591)
at org.testng.SuiteRunner.runTest(SuiteRunner.java:402)
at org.testng.SuiteRunner.runSequentially(SuiteRunner.java:396)
at org.testng.SuiteRunner.privateRun(SuiteRunner.java:355)
at org.testng.SuiteRunner.run(SuiteRunner.java:304)
at org.testng.SuiteRunnerWorker.runSuite(SuiteRunnerWorker.java:53)
at org.testng.SuiteRunnerWorker.run(SuiteRunnerWorker.java:96)
at org.testng.TestNG.runSuitesSequentially(TestNG.java:1180)
at org.testng.TestNG.runSuitesLocally(TestNG.java:1102)
at org.testng.TestNG.runSuites(TestNG.java:1032)
at org.testng.TestNG.run(TestNG.java:1000)
at org.testng.remote.AbstractRemoteTestNG.run(AbstractRemoteTestNG.java:115)
at org.testng.remote.RemoteTestNG.initAndRun(RemoteTestNG.java:251)
at org.testng.remote.RemoteTestNG.main(RemoteTestNG.java:77)
]]>
            </full-stacktrace>
          </exception> <!-- java.lang.AssertionError -->
          <reporter-output>
          </reporter-output>
        </test-method> <!-- verfyLogin -->
        <test-method status="PASS" signature="tearDown()[pri:0, instance:com.bank.testcases.LoginTest@78ac1102]" name="tearDown" is-config="true" duration-ms="1084" started-at="2020-05-23T16:44:57 EDT" finished-at="2020-05-23T16:44:58 EDT">
          <reporter-output>
          </reporter-output>
        </test-method> <!-- tearDown -->
      </class> <!-- com.bank.testcases.LoginTest -->
    </test> <!-- Test -->
  </suite> <!-- Suite -->
</testng-results>
